<?xml version="1.0" encoding="UTF-8"?>
<testsuite xmlns:xsi="http://www.w3.org/2001/XMLSchema-instance" xsi:schemaLocation="https://maven.apache.org/surefire/maven-surefire-plugin/xsd/surefire-test-report.xsd" name="Parallel01IT" time="1.345" tests="16" errors="4" skipped="12" failures="0">
  <properties>
    <property name="java.runtime.name" value="Java(TM) SE Runtime Environment"/>
    <property name="sun.boot.library.path" value="C:\Program Files\Java\jdk1.8.0_111\jre\bin"/>
    <property name="java.vm.version" value="25.111-b14"/>
    <property name="java.vm.vendor" value="Oracle Corporation"/>
    <property name="maven.multiModuleProjectDirectory" value="C:\Projects\java-16b-practice-repo\WebTest01"/>
    <property name="java.vendor.url" value="http://java.oracle.com/"/>
    <property name="path.separator" value=";"/>
    <property name="guice.disable.misplaced.annotation.check" value="true"/>
    <property name="java.vm.name" value="Java HotSpot(TM) 64-Bit Server VM"/>
    <property name="file.encoding.pkg" value="sun.io"/>
    <property name="user.script" value=""/>
    <property name="user.country" value="GB"/>
    <property name="sun.java.launcher" value="SUN_STANDARD"/>
    <property name="sun.os.patch.level" value="Service Pack 1"/>
    <property name="java.vm.specification.name" value="Java Virtual Machine Specification"/>
    <property name="user.dir" value="C:\Projects\java-16b-practice-repo\WebTest01"/>
    <property name="java.runtime.version" value="1.8.0_111-b14"/>
    <property name="java.awt.graphicsenv" value="sun.awt.Win32GraphicsEnvironment"/>
    <property name="java.endorsed.dirs" value="C:\Program Files\Java\jdk1.8.0_111\jre\lib\endorsed"/>
    <property name="os.arch" value="amd64"/>
    <property name="java.io.tmpdir" value="C:\Users\ASUS\AppData\Local\Temp\"/>
    <property name="line.separator" value="&#10;"/>
    <property name="java.vm.specification.vendor" value="Oracle Corporation"/>
    <property name="user.variant" value=""/>
    <property name="os.name" value="Windows 7"/>
    <property name="classworlds.conf" value="C:\Program Files\Apache\Maven\apache-maven-3.3.9\bin\..\bin\m2.conf"/>
    <property name="sun.jnu.encoding" value="Cp1252"/>
    <property name="java.library.path" value="C:\Program Files\Java\jdk1.8.0_111\bin;C:\Windows\Sun\Java\bin;C:\Windows\system32;C:\Windows;C:\ProgramData\Oracle\Java\javapath;C:C:\Program Files\Java\jdk1.8.0_111\bin;C:\Program Files\NetBeans 8.0.2\bin;%M2_HOME%\bin;C:\Program Files\Apache\Maven\apache-maven-3.3.9\bin;C:\Program Files\Java\jdk1.8.0_111\bin;C:\Program Files (x86)\Skype\Phone\;."/>
    <property name="java.specification.name" value="Java Platform API Specification"/>
    <property name="java.class.version" value="52.0"/>
    <property name="sun.management.compiler" value="HotSpot 64-Bit Tiered Compilers"/>
    <property name="os.version" value="6.1"/>
    <property name="user.home" value="C:\Users\ASUS"/>
    <property name="user.timezone" value="Europe/London"/>
    <property name="java.awt.printerjob" value="sun.awt.windows.WPrinterJob"/>
    <property name="java.specification.version" value="1.8"/>
    <property name="file.encoding" value="Cp1252"/>
    <property name="user.name" value="ASUS"/>
    <property name="java.class.path" value="C:\Program Files\Apache\Maven\apache-maven-3.3.9\bin\..\boot\plexus-classworlds-2.5.2.jar"/>
    <property name="org.slf4j.simpleLogger.defaultLogLevel" value="debug"/>
    <property name="java.vm.specification.version" value="1.8"/>
    <property name="sun.arch.data.model" value="64"/>
    <property name="java.home" value="C:\Program Files\Java\jdk1.8.0_111\jre"/>
    <property name="sun.java.command" value="org.codehaus.plexus.classworlds.launcher.Launcher clean test -X"/>
    <property name="java.specification.vendor" value="Oracle Corporation"/>
    <property name="user.language" value="en"/>
    <property name="awt.toolkit" value="sun.awt.windows.WToolkit"/>
    <property name="java.vm.info" value="mixed mode"/>
    <property name="java.version" value="1.8.0_111"/>
    <property name="java.ext.dirs" value="C:\Program Files\Java\jdk1.8.0_111\jre\lib\ext;C:\Windows\Sun\Java\lib\ext"/>
    <property name="sun.boot.class.path" value="C:\Program Files\Java\jdk1.8.0_111\jre\lib\resources.jar;C:\Program Files\Java\jdk1.8.0_111\jre\lib\rt.jar;C:\Program Files\Java\jdk1.8.0_111\jre\lib\sunrsasign.jar;C:\Program Files\Java\jdk1.8.0_111\jre\lib\jsse.jar;C:\Program Files\Java\jdk1.8.0_111\jre\lib\jce.jar;C:\Program Files\Java\jdk1.8.0_111\jre\lib\charsets.jar;C:\Program Files\Java\jdk1.8.0_111\jre\lib\jfr.jar;C:\Program Files\Java\jdk1.8.0_111\jre\classes"/>
    <property name="sun.stderr.encoding" value="cp850"/>
    <property name="java.vendor" value="Oracle Corporation"/>
    <property name="maven.home" value="C:\Program Files\Apache\Maven\apache-maven-3.3.9\bin\.."/>
    <property name="file.separator" value="\"/>
    <property name="java.vendor.url.bug" value="http://bugreport.sun.com/bugreport/"/>
    <property name="sun.cpu.endian" value="little"/>
    <property name="sun.io.unicode.encoding" value="UnicodeLittle"/>
    <property name="sun.stdout.encoding" value="cp850"/>
    <property name="sun.desktop" value="windows"/>
    <property name="sun.cpu.isalist" value="amd64"/>
  </properties>
  <testcase name="| 234dotus@gmail.com | password123 | Donald Jonathan |" classname="| 234dotus@gmail.com | password123 | Donald Jonathan |" time="0.117">
    <error message="The driver executable does not exist: C:\Projects\java-16b-practice-repo\WebTest01\drivers-package\windows\phantomjs\phantomjs-2.1.1-windows\bin\phantomjs.exe" type="java.lang.IllegalStateException">java.lang.IllegalStateException: The driver executable does not exist: C:\Projects\java-16b-practice-repo\WebTest01\drivers-package\windows\phantomjs\phantomjs-2.1.1-windows\bin\phantomjs.exe
</error>
    <system-out><![CDATA[Run once at start time.........................
Database no needed
]]></system-out>
  </testcase>
  <testcase name="Given I am on the login page" classname="| 234dotus@gmail.com | password123 | Donald Jonathan |" time="0">
    <skipped/>
    <system-out><![CDATA[Configuring database system
This is work in progress starting up 1
This is work in progress starting up 2
]]></system-out>
  </testcase>
  <testcase name="When I login with &quot;234dotus@gmail.com&quot; &amp; &quot;password123&quot;" classname="| 234dotus@gmail.com | password123 | Donald Jonathan |" time="0">
    <skipped/>
  </testcase>
  <testcase name="Then I should check &quot;Donald Jonathan&quot;" classname="| 234dotus@gmail.com | password123 | Donald Jonathan |" time="0">
    <skipped/>
  </testcase>
  <testcase name="| 234dotus@gmail.com | xxxxxxxxx | Invalid login or password |" classname="| 234dotus@gmail.com | xxxxxxxxx | Invalid login or password |" time="0">
    <error message="The driver executable does not exist: C:\Projects\java-16b-practice-repo\WebTest01\drivers-package\windows\phantomjs\phantomjs-2.1.1-windows\bin\phantomjs.exe" type="java.lang.IllegalStateException">java.lang.IllegalStateException: The driver executable does not exist: C:\Projects\java-16b-practice-repo\WebTest01\drivers-package\windows\phantomjs\phantomjs-2.1.1-windows\bin\phantomjs.exe
</error>
    <system-out><![CDATA[This is work in progress cleaning up 2
This is work in progress cleaning up 1
closing database system
]]></system-out>
  </testcase>
  <testcase name="Given I am on the login page" classname="| 234dotus@gmail.com | xxxxxxxxx | Invalid login or password |" time="0">
    <skipped/>
    <system-out><![CDATA[Configuring database system
This is work in progress starting up 1
This is work in progress starting up 2
]]></system-out>
  </testcase>
  <testcase name="When I login with &quot;234dotus@gmail.com&quot; &amp; &quot;xxxxxxxxx&quot;" classname="| 234dotus@gmail.com | xxxxxxxxx | Invalid login or password |" time="0">
    <skipped/>
  </testcase>
  <testcase name="Then I should check &quot;Invalid login or password&quot;" classname="| 234dotus@gmail.com | xxxxxxxxx | Invalid login or password |" time="0">
    <skipped/>
  </testcase>
  <testcase name="| xxxxxxxx@gmail.com | password123 | Invalid login or password |" classname="| xxxxxxxx@gmail.com | password123 | Invalid login or password |" time="0">
    <error message="The driver executable does not exist: C:\Projects\java-16b-practice-repo\WebTest01\drivers-package\windows\phantomjs\phantomjs-2.1.1-windows\bin\phantomjs.exe" type="java.lang.IllegalStateException">java.lang.IllegalStateException: The driver executable does not exist: C:\Projects\java-16b-practice-repo\WebTest01\drivers-package\windows\phantomjs\phantomjs-2.1.1-windows\bin\phantomjs.exe
</error>
    <system-out><![CDATA[This is work in progress cleaning up 2
This is work in progress cleaning up 1
closing database system
]]></system-out>
  </testcase>
  <testcase name="Given I am on the login page" classname="| xxxxxxxx@gmail.com | password123 | Invalid login or password |" time="0">
    <skipped/>
    <system-out><![CDATA[Configuring database system
This is work in progress starting up 1
This is work in progress starting up 2
]]></system-out>
  </testcase>
  <testcase name="When I login with &quot;xxxxxxxx@gmail.com&quot; &amp; &quot;password123&quot;" classname="| xxxxxxxx@gmail.com | password123 | Invalid login or password |" time="0">
    <skipped/>
  </testcase>
  <testcase name="Then I should check &quot;Invalid login or password&quot;" classname="| xxxxxxxx@gmail.com | password123 | Invalid login or password |" time="0">
    <skipped/>
  </testcase>
  <testcase name="| xxxxxxxx@gmail.com | xxxxxxxxx | Invalid login or password |" classname="| xxxxxxxx@gmail.com | xxxxxxxxx | Invalid login or password |" time="0">
    <error message="The driver executable does not exist: C:\Projects\java-16b-practice-repo\WebTest01\drivers-package\windows\phantomjs\phantomjs-2.1.1-windows\bin\phantomjs.exe" type="java.lang.IllegalStateException">java.lang.IllegalStateException: The driver executable does not exist: C:\Projects\java-16b-practice-repo\WebTest01\drivers-package\windows\phantomjs\phantomjs-2.1.1-windows\bin\phantomjs.exe
</error>
    <system-out><![CDATA[This is work in progress cleaning up 2
This is work in progress cleaning up 1
closing database system
]]></system-out>
  </testcase>
  <testcase name="Given I am on the login page" classname="| xxxxxxxx@gmail.com | xxxxxxxxx | Invalid login or password |" time="0">
    <skipped/>
    <system-out><![CDATA[Configuring database system
This is work in progress starting up 1
This is work in progress starting up 2
]]></system-out>
  </testcase>
  <testcase name="When I login with &quot;xxxxxxxx@gmail.com&quot; &amp; &quot;xxxxxxxxx&quot;" classname="| xxxxxxxx@gmail.com | xxxxxxxxx | Invalid login or password |" time="0">
    <skipped/>
  </testcase>
  <testcase name="Then I should check &quot;Invalid login or password&quot;" classname="| xxxxxxxx@gmail.com | xxxxxxxxx | Invalid login or password |" time="0">
    <skipped/>
  </testcase>
</testsuite>